<?xml version="1.0" encoding="UTF-8"?>
<!-- Generated by org.testng.reporters.JUnitXMLReporter -->
<testsuite ignored="0" hostname="VDSLDC00876" failures="0" tests="10" name="Test" time="24.826" errors="0" timestamp="2024-02-06T12:56:03 EST">
  <testcase classname="Dec_20.Vegitables" name="bringle" time="0.015"/>
  <testcase classname="Dec_20.Vegitables" name="potato" time="0.002"/>
  <testcase classname="Dec_20.Vegitables" name="tomato" time="0.002"/>
  <testcase classname="Dec_12.Practice_TestNG.FeedFileUpload" name="ChromeD" time="11.006"/>
  <testcase classname="Dec_21.Animal" name="cow" time="0.002"/>
  <testcase classname="Dec_21.Animal" name="tiger" time="0.002"/>
  <testcase classname="Dec_12.Practice_TestNG.EdgeBrowser" name="EdgeD" time="13.648"/>
  <testcase classname="Dec_20.Fruits" name="apple" time="0.002"/>
  <testcase classname="Dec_20.Fruits" name="mango" time="0.013"/>
  <testcase classname="Dec_20.Fruits" name="orange" time="0.002"/>
</testsuite> <!-- Test -->
